<?xml version="1.0" encoding="UTF-8"?>
<!-- Generated by org.testng.reporters.JUnitReportReporter -->
<testsuite hostname="LAB103PL1HK3" failures="0" tests="7" name="TestJourneys.Test" time="27.851" errors="0" timestamp="2022-04-16T07:44:03 SAST" skipped="0">
  <testcase classname="TestJourneys.Test" name="LaunchBrowser" time="12.604"/>
  <system-out/>
  <testcase classname="TestJourneys.Test" name="EnterCredentials" time="0.116"/>
  <system-out/>
  <testcase classname="TestJourneys.Test" name="ClickNextBtn" time="5.055"/>
  <system-out/>
  <testcase classname="TestJourneys.Test" name="HandlePassword" time="0.176"/>
  <system-out/>
  <testcase classname="TestJourneys.Test" name="ClickLogon" time="0.045"/>
  <system-out/>
  <testcase classname="TestJourneys.Test" name="HandlePopup" time="9.533"/>
  <system-out/>
  <testcase classname="TestJourneys.Test" name="Closebrowser" time="0.322"/>
  <system-out/>
</testsuite> <!-- TestJourneys.Test -->
