<?xml version="1.0" encoding="UTF-8"?>
<!-- Generated by org.testng.reporters.JUnitReportReporter -->
<testsuite hostname="LAB103PL1HK3" failures="0" tests="7" name="TestJourneys.Test" time="35.953" errors="0" timestamp="2022-04-21T09:25:50 SAST" skipped="0">
  <testcase classname="TestJourneys.Test" name="LaunchBrowser" time="11.928"/>
  <system-out/>
  <testcase classname="TestJourneys.Test" name="EnterCredentials" time="0.148"/>
  <system-out/>
  <testcase classname="TestJourneys.Test" name="ClickNextBtn" time="5.066"/>
  <system-out/>
  <testcase classname="TestJourneys.Test" name="HandlePassword" time="0.198"/>
  <system-out/>
  <testcase classname="TestJourneys.Test" name="ClickLogon" time="0.041"/>
  <system-out/>
  <testcase classname="TestJourneys.Test" name="HandlePopup" time="18.201"/>
  <system-out/>
  <testcase classname="TestJourneys.Test" name="Closebrowser" time="0.371"/>
  <system-out/>
</testsuite> <!-- TestJourneys.Test -->
